GenerateFrames
CreateTemporaryDirectory: d=movie-0
CreateTemporaryDirectory: files=['movie.session.gui', 'movie.session', 'movie.mpg']
Creating /home/hemaditya/codes/afivo-streamer/programs/standard_2d/movies/movie-0 directory to store temporary frames
Created /home/hemaditya/codes/afivo-streamer/programs/standard_2d/movies/movie-0 directory to store temporary frames
GenerateFrames: tmpDir = /home/hemaditya/codes/afivo-streamer/programs/standard_2d/movies/movie-0
GenerateFrames: movieFormats=[['movie%04d', 'mpeg', 1008, 928, 0]]
GenerateFrames: using session file /home/hemaditya/codes/afivo-streamer/programs/standard_2d/movies/movie.session
{'localhost': {'userName': 'hemaditya', 'maximumProcessors': 1, 'sshPortSpecified': 0, 'clientHostDetermination': 'MachineName', 'tunnelSSH': 0, 'useGateway': 0, 'activeProfile': -1, 'shareOneBatchJob': 0, 'host': 'localhost', 'maximumProcessorsValid': 0, 'maximumNodes': 1, 'sshCommandSpecified': 0, 'sshPort': 22, 'sshCommand': ['ssh'], 'maximumNodesValid': 0}}
Starting compute engine: localhost
IterateAndSaveFrames:
*** frameStart=0, frameEnd=82
EncodeFrames
EncodeMPEGMovie
mpeg2encode /home/hemaditya/codes/afivo-streamer/programs/standard_2d/movies/movie-mpeg2encode-params /home/hemaditya/codes/afivo-streamer/programs/standard_2d/movies/movie.mpg
Encoding frame 0 ..........................................................
Encoding frame 1 ..........................................................
Encoding frame 2 ..........................................................
Encoding frame 3 ..........................................................
Encoding frame 4 ..........................................................
Encoding frame 5 ..........................................................
Encoding frame 6 ..........................................................
Encoding frame 7 ..........................................................
Encoding frame 8 ..........................................................
Encoding frame 9 ..........................................................
Encoding frame 10 ..........................................................
Encoding frame 11 ..........................................................
Encoding frame 12 ..........................................................
Encoding frame 13 ..........................................................
Encoding frame 14 ..........................................................
Encoding frame 15 ..........................................................
Encoding frame 16 ..........................................................
Encoding frame 17 ..........................................................
Encoding frame 18 ..........................................................
Encoding frame 19 ..........................................................
Encoding frame 20 ..........................................................
Encoding frame 21 ..........................................................
Encoding frame 22 ..........................................................
Encoding frame 23 ..........................................................
Encoding frame 24 ..........................................................
Encoding frame 25 ..........................................................
Encoding frame 26 ..........................................................
Encoding frame 27 ..........................................................
Encoding frame 28 ..........................................................
Encoding frame 29 ..........................................................
Encoding frame 30 ..........................................................
Encoding frame 31 ..........................................................
Encoding frame 32 ..........................................................
Encoding frame 33 ..........................................................
Encoding frame 34 ..........................................................
Encoding frame 35 ..........................................................
Encoding frame 36 ..........................................................
Encoding frame 37 ..........................................................
Encoding frame 38 ..........................................................
Encoding frame 39 ..........................................................
Encoding frame 40 ..........................................................
Encoding frame 41 ..........................................................
Encoding frame 42 ..........................................................
Encoding frame 43 ..........................................................
Encoding frame 44 ..........................................................
Encoding frame 45 ..........................................................
Encoding frame 46 ..........................................................
Encoding frame 47 ..........................................................
Encoding frame 48 ..........................................................
Encoding frame 49 ..........................................................
Encoding frame 50 ..........................................................
Encoding frame 51 ..........................................................
Encoding frame 52 ..........................................................
Encoding frame 53 ..........................................................
Encoding frame 54 ..........................................................
Encoding frame 55 ..........................................................
Encoding frame 56 ..........................................................
Encoding frame 57 ..........................................................
Encoding frame 58 ..........................................................
Encoding frame 59 ..........................................................
Encoding frame 60 ..........................................................
Encoding frame 61 ..........................................................
Encoding frame 62 ..........................................................
Encoding frame 63 ..........................................................
Encoding frame 64 ..........................................................
Encoding frame 65 ..........................................................
Encoding frame 66 ..........................................................
Encoding frame 67 ..........................................................
Encoding frame 68 ..........................................................
Encoding frame 69 ..........................................................
Encoding frame 70 ..........................................................
Encoding frame 71 ..........................................................
Encoding frame 72 ..........................................................
Encoding frame 73 ..........................................................
Encoding frame 74 ..........................................................
Encoding frame 75 ..........................................................
Encoding frame 76 ..........................................................
Encoding frame 77 ..........................................................
Encoding frame 78 ..........................................................
Encoding frame 79 ..........................................................
Encoding frame 80 ..........................................................
Encoding frame 81 ..........................................................
Encoding frame 82 ..........................................................
Encoding frame 83 ..........................................................
Encoding frame 84 ..........................................................
Encoding frame 85 ..........................................................
Encoding frame 86 ..........................................................
Encoding frame 87 ..........................................................
Encoding frame 88 ..........................................................
Encoding frame 89 ..........................................................
Encoding frame 90 ..........................................................
Encoding frame 91 ..........................................................
Encoding frame 92 ..........................................................
Encoding frame 93 ..........................................................
Encoding frame 94 ..........................................................
Encoding frame 95 ..........................................................
Encoding frame 96 ..........................................................
Encoding frame 97 ..........................................................
Encoding frame 98 ..........................................................
Encoding frame 99 ..........................................................
Encoding frame 100 ..........................................................
Encoding frame 101 ..........................................................
Encoding frame 102 ..........................................................
Encoding frame 103 ..........................................................
Encoding frame 104 ..........................................................
Encoding frame 105 ..........................................................
Encoding frame 106 ..........................................................
Encoding frame 107 ..........................................................
Encoding frame 108 ..........................................................
Encoding frame 109 ..........................................................
Encoding frame 110 ..........................................................
Encoding frame 111 ..........................................................
Encoding frame 112 ..........................................................
Encoding frame 113 ..........................................................
Encoding frame 114 ..........................................................
Encoding frame 115 ..........................................................
Encoding frame 116 ..........................................................
Encoding frame 117 ..........................................................
Encoding frame 118 ..........................................................
Encoding frame 119 ..........................................................
Encoding frame 120 ..........................................................
Encoding frame 121 ..........................................................
Encoding frame 122 ..........................................................
Encoding frame 123 ..........................................................
Encoding frame 124 ..........................................................
Encoding frame 125 ..........................................................
Encoding frame 126 ..........................................................
Encoding frame 127 ..........................................................
Encoding frame 128 ..........................................................
Encoding frame 129 ..........................................................
Encoding frame 130 ..........................................................
Encoding frame 131 ..........................................................
Encoding frame 132 ..........................................................
Encoding frame 133 ..........................................................
Encoding frame 134 ..........................................................
Encoding frame 135 ..........................................................
Encoding frame 136 ..........................................................
Encoding frame 137 ..........................................................
Encoding frame 138 ..........................................................
Encoding frame 139 ..........................................................
Encoding frame 140 ..........................................................
Encoding frame 141 ..........................................................
Encoding frame 142 ..........................................................
Encoding frame 143 ..........................................................
Encoding frame 144 ..........................................................
Encoding frame 145 ..........................................................
Encoding frame 146 ..........................................................
Encoding frame 147 ..........................................................
Encoding frame 148 ..........................................................
Encoding frame 149 ..........................................................
Encoding frame 150 ..........................................................
Encoding frame 151 ..........................................................
Encoding frame 152 ..........................................................
Encoding frame 153 ..........................................................
Encoding frame 154 ..........................................................
Encoding frame 155 ..........................................................
Encoding frame 156 ..........................................................
Encoding frame 157 ..........................................................
Encoding frame 158 ..........................................................
Encoding frame 159 ..........................................................
Encoding frame 160 ..........................................................
Encoding frame 161 ..........................................................
Encoding frame 162 ..........................................................
Encoding frame 163 ..........................................................
Encoding frame 164 ..........................................................
Encoding frame 165 ..........................................................
Encoding frame 166 ..........................................................
Encoding frame 167 ..........................................................
Encoding frame 168 ..........................................................
Encoding frame 169 ..........................................................
Encoding frame 170 ..........................................................
Encoding frame 171 ..........................................................
Encoding frame 172 ..........................................................
Encoding frame 173 ..........................................................
Encoding frame 174 ..........................................................
Encoding frame 175 ..........................................................
Encoding frame 176 ..........................................................
Encoding frame 177 ..........................................................
Encoding frame 178 ..........................................................
Encoding frame 179 ..........................................................
Encoding frame 180 ..........................................................
Encoding frame 181 ..........................................................
Encoding frame 182 ..........................................................
Encoding frame 183 ..........................................................
Encoding frame 184 ..........................................................
Encoding frame 185 ..........................................................
Encoding frame 186 ..........................................................
Encoding frame 187 ..........................................................
Encoding frame 188 ..........................................................
Encoding frame 189 ..........................................................
Encoding frame 190 ..........................................................
Encoding frame 191 ..........................................................
Encoding frame 192 ..........................................................
Encoding frame 193 ..........................................................
Encoding frame 194 ..........................................................
Encoding frame 195 ..........................................................
Encoding frame 196 ..........................................................
Encoding frame 197 ..........................................................
Encoding frame 198 ..........................................................
Encoding frame 199 ..........................................................
Encoding frame 200 ..........................................................
Encoding frame 201 ..........................................................
Encoding frame 202 ..........................................................
Encoding frame 203 ..........................................................
Encoding frame 204 ..........................................................
Encoding frame 205 ..........................................................
Encoding frame 206 ..........................................................
Encoding frame 207 ..........................................................
Encoding frame 208 ..........................................................
Encoding frame 209 ..........................................................
Encoding frame 210 ..........................................................
Encoding frame 211 ..........................................................
Encoding frame 212 ..........................................................
Encoding frame 213 ..........................................................
Encoding frame 214 ..........................................................
Encoding frame 215 ..........................................................
Encoding frame 216 ..........................................................
Encoding frame 217 ..........................................................
Encoding frame 218 ..........................................................
Encoding frame 219 ..........................................................
Encoding frame 220 ..........................................................
Encoding frame 221 ..........................................................
Encoding frame 222 ..........................................................
Encoding frame 223 ..........................................................
Encoding frame 224 ..........................................................
Encoding frame 225 ..........................................................
Encoding frame 226 ..........................................................
Encoding frame 227 ..........................................................
Encoding frame 228 ..........................................................
Encoding frame 229 ..........................................................
Encoding frame 230 ..........................................................
Encoding frame 231 ..........................................................
Encoding frame 232 ..........................................................
Encoding frame 233 ..........................................................
Encoding frame 234 ..........................................................
Encoding frame 235 ..........................................................
Encoding frame 236 ..........................................................
Encoding frame 237 ..........................................................
Encoding frame 238 ..........................................................
Encoding frame 239 ..........................................................
Encoding frame 240 ..........................................................
Encoding frame 241 ..........................................................
Encoding frame 242 ..........................................................
Encoding frame 243 ..........................................................
Encoding frame 244 ..........................................................
Encoding frame 245 ..........................................................
Encoding frame 246 ..........................................................
Encoding frame 247 ..........................................................
Encoding frame 248 ..........................................................
mpeg2encode returned 0
Checking MPEG movie size. Size = 4976309
Need to delete /home/hemaditya/codes/afivo-streamer/programs/standard_2d/movies/movie-0 directory!
